<?xml version="1.0" encoding="UTF-8"?>
<testng-results ignored="10" total="27" passed="17" failed="0" skipped="0">
  <reporter-output>
    <line>
      <![CDATA[Execution started]]>
    </line>
    <line>
      <![CDATA[Both title are matched]]>
    </line>
    <line>
      <![CDATA[Both title are matched]]>
    </line>
    <line>
      <![CDATA[Both title are matched]]>
    </line>
    <line>
      <![CDATA[Both title are matched]]>
    </line>
    <line>
      <![CDATA[Both title are matched]]>
    </line>
    <line>
      <![CDATA[Both title are matched]]>
    </line>
    <line>
      <![CDATA[Execution complete]]>
    </line>
  </reporter-output>
  <suite started-at="2023-06-02T19:02:05 IST" name="Suite" finished-at="2023-06-02T19:07:49 IST" duration-ms="343859">
    <groups>
    </groups>
    <test started-at="2023-06-02T19:02:05 IST" name="Test" finished-at="2023-06-02T19:07:49 IST" duration-ms="343859">
      <class name="com.actitime.testcases.TC_003_DeleteCustomer">
        <test-method is-config="true" signature="setup()[pri:0, instance:com.actitime.testcases.TC_003_DeleteCustomer@9597028]" started-at="2023-06-02T19:03:40 IST" name="setup" finished-at="2023-06-02T19:03:52 IST" duration-ms="12511" status="PASS">
          <reporter-output>
          </reporter-output>
        </test-method> <!-- setup -->
        <test-method signature="login()[pri:0, instance:com.actitime.testcases.TC_003_DeleteCustomer@9597028]" started-at="2023-06-02T19:03:52 IST" name="login" finished-at="2023-06-02T19:04:05 IST" duration-ms="12569" status="PASS">
          <reporter-output>
            <line>
              <![CDATA[Both title are matched]]>
            </line>
          </reporter-output>
        </test-method> <!-- login -->
        <test-method signature="deleteCustomer()[pri:0, instance:com.actitime.testcases.TC_003_DeleteCustomer@9597028]" started-at="2023-06-02T19:04:05 IST" name="deleteCustomer" finished-at="2023-06-02T19:04:55 IST" depends-on-methods="com.actitime.testcases.TC_003_DeleteCustomer.login" duration-ms="49721" status="PASS">
          <reporter-output>
          </reporter-output>
        </test-method> <!-- deleteCustomer -->
        <test-method signature="logout()[pri:0, instance:com.actitime.testcases.TC_003_DeleteCustomer@9597028]" started-at="2023-06-02T19:04:55 IST" name="logout" finished-at="2023-06-02T19:05:01 IST" depends-on-methods="com.actitime.testcases.TC_003_DeleteCustomer.deleteCustomer" duration-ms="5801" status="PASS">
          <reporter-output>
          </reporter-output>
        </test-method> <!-- logout -->
        <test-method is-config="true" signature="teardown()[pri:0, instance:com.actitime.testcases.TC_003_DeleteCustomer@9597028]" started-at="2023-06-02T19:05:01 IST" name="teardown" finished-at="2023-06-02T19:05:01 IST" duration-ms="438" status="PASS">
          <reporter-output>
          </reporter-output>
        </test-method> <!-- teardown -->
      </class> <!-- com.actitime.testcases.TC_003_DeleteCustomer -->
      <class name="com.actitime.testcases.TC_005_DeleteWork">
        <test-method is-config="true" signature="setup()[pri:0, instance:com.actitime.testcases.TC_005_DeleteWork@4efbca5a]" started-at="2023-06-02T19:05:58 IST" name="setup" finished-at="2023-06-02T19:06:11 IST" duration-ms="12364" status="PASS">
          <reporter-output>
          </reporter-output>
        </test-method> <!-- setup -->
        <test-method signature="login()[pri:0, instance:com.actitime.testcases.TC_005_DeleteWork@4efbca5a]" started-at="2023-06-02T19:06:11 IST" name="login" finished-at="2023-06-02T19:06:24 IST" duration-ms="13322" status="PASS">
          <reporter-output>
            <line>
              <![CDATA[Both title are matched]]>
            </line>
          </reporter-output>
        </test-method> <!-- login -->
        <test-method signature="deleteWork()[pri:0, instance:com.actitime.testcases.TC_005_DeleteWork@4efbca5a]" started-at="2023-06-02T19:06:24 IST" name="deleteWork" finished-at="2023-06-02T19:06:41 IST" depends-on-methods="com.actitime.testcases.TC_005_DeleteWork.login" duration-ms="16889" status="PASS">
          <reporter-output>
          </reporter-output>
        </test-method> <!-- deleteWork -->
        <test-method signature="logout()[pri:0, instance:com.actitime.testcases.TC_005_DeleteWork@4efbca5a]" started-at="2023-06-02T19:06:41 IST" name="logout" finished-at="2023-06-02T19:06:48 IST" depends-on-methods="com.actitime.testcases.TC_005_DeleteWork.deleteWork" duration-ms="7594" status="PASS">
          <reporter-output>
          </reporter-output>
        </test-method> <!-- logout -->
        <test-method is-config="true" signature="teardown()[pri:0, instance:com.actitime.testcases.TC_005_DeleteWork@4efbca5a]" started-at="2023-06-02T19:06:48 IST" name="teardown" finished-at="2023-06-02T19:06:49 IST" duration-ms="371" status="PASS">
          <reporter-output>
          </reporter-output>
        </test-method> <!-- teardown -->
      </class> <!-- com.actitime.testcases.TC_005_DeleteWork -->
      <class name="com.actitime.testcases.TC_001_LOGIN_Actitime">
        <test-method is-config="true" signature="executionStart()[pri:0, instance:com.actitime.testcases.TC_001_LOGIN_Actitime@2b662a77]" started-at="2023-06-02T19:02:05 IST" name="executionStart" finished-at="2023-06-02T19:02:05 IST" duration-ms="53" status="PASS">
          <reporter-output>
            <line>
              <![CDATA[Execution started]]>
            </line>
          </reporter-output>
        </test-method> <!-- executionStart -->
        <test-method is-config="true" signature="setup()[pri:0, instance:com.actitime.testcases.TC_001_LOGIN_Actitime@2b662a77]" started-at="2023-06-02T19:02:05 IST" name="setup" finished-at="2023-06-02T19:02:21 IST" duration-ms="15677" status="PASS">
          <reporter-output>
          </reporter-output>
        </test-method> <!-- setup -->
        <test-method signature="login()[pri:0, instance:com.actitime.testcases.TC_001_LOGIN_Actitime@2b662a77]" started-at="2023-06-02T19:02:21 IST" name="login" finished-at="2023-06-02T19:02:35 IST" duration-ms="14305" status="PASS">
          <reporter-output>
            <line>
              <![CDATA[Both title are matched]]>
            </line>
          </reporter-output>
        </test-method> <!-- login -->
        <test-method signature="logout()[pri:0, instance:com.actitime.testcases.TC_001_LOGIN_Actitime@2b662a77]" started-at="2023-06-02T19:02:35 IST" name="logout" finished-at="2023-06-02T19:02:41 IST" depends-on-methods="com.actitime.testcases.TC_001_LOGIN_Actitime.login" duration-ms="5526" status="PASS">
          <reporter-output>
          </reporter-output>
        </test-method> <!-- logout -->
        <test-method is-config="true" signature="teardown()[pri:0, instance:com.actitime.testcases.TC_001_LOGIN_Actitime@2b662a77]" started-at="2023-06-02T19:02:41 IST" name="teardown" finished-at="2023-06-02T19:02:41 IST" duration-ms="439" status="PASS">
          <reporter-output>
          </reporter-output>
        </test-method> <!-- teardown -->
        <test-method is-config="true" signature="executioncomplete()[pri:0, instance:com.actitime.testcases.TC_001_LOGIN_Actitime@2b662a77]" started-at="2023-06-02T19:07:49 IST" name="executioncomplete" finished-at="2023-06-02T19:07:49 IST" duration-ms="0" status="PASS">
          <reporter-output>
            <line>
              <![CDATA[Execution complete]]>
            </line>
          </reporter-output>
        </test-method> <!-- executioncomplete -->
      </class> <!-- com.actitime.testcases.TC_001_LOGIN_Actitime -->
      <class name="com.actitime.testcases.TC_004_CreateTypeofWork">
        <test-method is-config="true" signature="setup()[pri:0, instance:com.actitime.testcases.TC_004_CreateTypeofWork@6069db50]" started-at="2023-06-02T19:05:01 IST" name="setup" finished-at="2023-06-02T19:05:12 IST" duration-ms="11085" status="PASS">
          <reporter-output>
          </reporter-output>
        </test-method> <!-- setup -->
        <test-method signature="login()[pri:0, instance:com.actitime.testcases.TC_004_CreateTypeofWork@6069db50]" started-at="2023-06-02T19:05:12 IST" name="login" finished-at="2023-06-02T19:05:26 IST" duration-ms="14052" status="PASS">
          <reporter-output>
            <line>
              <![CDATA[Both title are matched]]>
            </line>
          </reporter-output>
        </test-method> <!-- login -->
        <test-method signature="createWork()[pri:0, instance:com.actitime.testcases.TC_004_CreateTypeofWork@6069db50]" started-at="2023-06-02T19:05:26 IST" name="createWork" finished-at="2023-06-02T19:05:51 IST" depends-on-methods="com.actitime.testcases.TC_004_CreateTypeofWork.login" duration-ms="25192" status="PASS">
          <reporter-output>
          </reporter-output>
        </test-method> <!-- createWork -->
        <test-method signature="logout()[pri:0, instance:com.actitime.testcases.TC_004_CreateTypeofWork@6069db50]" started-at="2023-06-02T19:05:51 IST" name="logout" finished-at="2023-06-02T19:05:58 IST" depends-on-methods="com.actitime.testcases.TC_004_CreateTypeofWork.createWork" duration-ms="6534" status="PASS">
          <reporter-output>
          </reporter-output>
        </test-method> <!-- logout -->
        <test-method is-config="true" signature="teardown()[pri:0, instance:com.actitime.testcases.TC_004_CreateTypeofWork@6069db50]" started-at="2023-06-02T19:05:58 IST" name="teardown" finished-at="2023-06-02T19:05:58 IST" duration-ms="353" status="PASS">
          <reporter-output>
          </reporter-output>
        </test-method> <!-- teardown -->
      </class> <!-- com.actitime.testcases.TC_004_CreateTypeofWork -->
      <class name="com.actitime.testcases.TC_006_CreateLeave_Delete">
        <test-method is-config="true" signature="setup()[pri:0, instance:com.actitime.testcases.TC_006_CreateLeave_Delete@1b7cc17c]" started-at="2023-06-02T19:06:49 IST" name="setup" finished-at="2023-06-02T19:07:01 IST" duration-ms="12278" status="PASS">
          <reporter-output>
          </reporter-output>
        </test-method> <!-- setup -->
        <test-method signature="login()[pri:0, instance:com.actitime.testcases.TC_006_CreateLeave_Delete@1b7cc17c]" started-at="2023-06-02T19:07:01 IST" name="login" finished-at="2023-06-02T19:07:14 IST" duration-ms="13126" status="PASS">
          <reporter-output>
            <line>
              <![CDATA[Both title are matched]]>
            </line>
          </reporter-output>
        </test-method> <!-- login -->
        <test-method signature="createLeave_delete()[pri:0, instance:com.actitime.testcases.TC_006_CreateLeave_Delete@1b7cc17c]" started-at="2023-06-02T19:07:14 IST" name="createLeave_delete" finished-at="2023-06-02T19:07:42 IST" depends-on-methods="com.actitime.testcases.TC_006_CreateLeave_Delete.login" duration-ms="28144" status="PASS">
          <reporter-output>
          </reporter-output>
        </test-method> <!-- createLeave_delete -->
        <test-method signature="logout()[pri:0, instance:com.actitime.testcases.TC_006_CreateLeave_Delete@1b7cc17c]" started-at="2023-06-02T19:07:42 IST" name="logout" finished-at="2023-06-02T19:07:49 IST" depends-on-methods="com.actitime.testcases.TC_006_CreateLeave_Delete.createLeave_delete" duration-ms="6373" status="PASS">
          <reporter-output>
          </reporter-output>
        </test-method> <!-- logout -->
        <test-method is-config="true" signature="teardown()[pri:0, instance:com.actitime.testcases.TC_006_CreateLeave_Delete@1b7cc17c]" started-at="2023-06-02T19:07:49 IST" name="teardown" finished-at="2023-06-02T19:07:49 IST" duration-ms="383" status="PASS">
          <reporter-output>
          </reporter-output>
        </test-method> <!-- teardown -->
      </class> <!-- com.actitime.testcases.TC_006_CreateLeave_Delete -->
      <class name="com.actitime.testcases.TC_002_CreateCustomer">
        <test-method is-config="true" signature="setup()[pri:0, instance:com.actitime.testcases.TC_002_CreateCustomer@49139829]" started-at="2023-06-02T19:02:41 IST" name="setup" finished-at="2023-06-02T19:02:52 IST" duration-ms="10876" status="PASS">
          <reporter-output>
          </reporter-output>
        </test-method> <!-- setup -->
        <test-method signature="createCustomer()[pri:0, instance:com.actitime.testcases.TC_002_CreateCustomer@49139829]" started-at="2023-06-02T19:02:52 IST" name="createCustomer" finished-at="2023-06-02T19:03:05 IST" duration-ms="12960" status="PASS">
          <reporter-output>
            <line>
              <![CDATA[Both title are matched]]>
            </line>
          </reporter-output>
        </test-method> <!-- createCustomer -->
        <test-method signature="createCustomers()[pri:0, instance:com.actitime.testcases.TC_002_CreateCustomer@49139829]" started-at="2023-06-02T19:03:05 IST" name="createCustomers" finished-at="2023-06-02T19:03:34 IST" duration-ms="28496" status="PASS">
          <reporter-output>
          </reporter-output>
        </test-method> <!-- createCustomers -->
        <test-method signature="logout()[pri:0, instance:com.actitime.testcases.TC_002_CreateCustomer@49139829]" started-at="2023-06-02T19:03:34 IST" name="logout" finished-at="2023-06-02T19:03:40 IST" duration-ms="5932" status="PASS">
          <reporter-output>
          </reporter-output>
        </test-method> <!-- logout -->
        <test-method is-config="true" signature="teardown()[pri:0, instance:com.actitime.testcases.TC_002_CreateCustomer@49139829]" started-at="2023-06-02T19:03:40 IST" name="teardown" finished-at="2023-06-02T19:03:40 IST" duration-ms="438" status="PASS">
          <reporter-output>
          </reporter-output>
        </test-method> <!-- teardown -->
      </class> <!-- com.actitime.testcases.TC_002_CreateCustomer -->
    </test> <!-- Test -->
  </suite> <!-- Suite -->
</testng-results>
